#
# A fatal error has been detected by the Java Runtime Environment:
#
#  SIGSEGV (0xb) at pc=0x00007ff886685840, pid=17646, tid=0x00007ff862a1a700
#
# JRE version: OpenJDK Runtime Environment (8.0_275-b01) (build 1.8.0_275-8u275-b01-0ubuntu1~18.04-b01)
# Java VM: OpenJDK 64-Bit Server VM (25.275-b01 mixed mode linux-amd64 compressed oops)
# Problematic frame:
# V  [libjvm.so+0x41a840]
#
# Failed to write core dump. Core dumps have been disabled. To enable core dumping, try "ulimit -c unlimited" before starting Java again
#
# If you would like to submit a bug report, please visit:
#   http://bugreport.java.com/bugreport/crash.jsp
#

---------------  T H R E A D  ---------------

Current thread (0x00007ff88018e800):  JavaThread "C1 CompilerThread2" daemon [_thread_in_vm, id=17662, stack(0x00007ff86291b000,0x00007ff862a1b000)]

siginfo: si_signo: 11 (SIGSEGV), si_code: 1 (SEGV_MAPERR), si_addr: 0x0000000000000000

Registers:
RAX=0x0000000000000000, RBX=0x00007ff88018e800, RCX=0x00007ff8874e4320, RDX=0x00007ff8872a98d8
RSP=0x00007ff862a18b20, RBP=0x00007ff862a18b60, RSI=0x0000000000000001, RDI=0x0000000000000000
R8 =0x0000000000000001, R9 =0x0000000000000000, R10=0x0000000000000001, R11=0x0000000000000083
R12=0x00007ff88008e530, R13=0x00007ff8872ae04c, R14=0x00007ff8872a98cc, R15=0x00007ff887282b08
RIP=0x00007ff886685840, EFLAGS=0x0000000000010246, CSGSFS=0x002b000000000033, ERR=0x0000000000000004
  TRAPNO=0x000000000000000e

Top of Stack: (sp=0x00007ff862a18b20)
0x00007ff862a18b20:   00007ff838045d60 00007ff838045d50
0x00007ff862a18b30:   00007ff862a18bb0 00007ff838045d20
0x00007ff862a18b40:   00007ff83c2de350 00007ff8440115e0
0x00007ff862a18b50:   00007ff838045b80 00007ff862a19280
0x00007ff862a18b60:   00007ff862a18cf0 00007ff8865bce97
0x00007ff862a18b70:   00007ff862a18bb0 013c9eb0dce62a00
0x00007ff862a18b80:   0000000000000015 00007ff862a18b90
0x00007ff862a18b90:   00007ff855da0850 00007ff88018e800
0x00007ff862a18ba0:   00007ff862a18d67 dd3c9eb0dce62a00
0x00007ff862a18bb0:   00007ff862a19a50 00007ff88018f810
0x00007ff862a18bc0:   00007ff862a19a50 00007ff855da0850
0x00007ff862a18bd0:   00007ff862a18c4f 00007ff83c2dadd0
0x00007ff862a18be0:   00007ff862a18c60 00007ff886662166
0x00007ff862a18bf0:   00007ff855da0850 00007ff855d99018
0x00007ff862a18c00:   00007ff8872a98cc 00007ff855d99018
0x00007ff862a18c10:   00007ff8872a98cc 00007ff88018f810
0x00007ff862a18c20:   00007ff88018e800 00007ff855d99018
0x00007ff862a18c30:   00007ff862a18ca0 00007ff88667a283
0x00007ff862a18c40:   00007ff88018f810 01007ff88658975f
0x00007ff862a18c50:   00007ff855d99018 00007ff88018e800
0x00007ff862a18c60:   00007ff88018e800 dd3c9eb0dce62a00
0x00007ff862a18c70:   00007ff862a18cf0 00007ff83c2de350
0x00007ff862a18c80:   00007ff862a19280 0000000000000000
0x00007ff862a18c90:   00000000000000b7 0000000000000000
0x00007ff862a18ca0:   00007ff862a18cf0 00007ff8865bc955
0x00007ff862a18cb0:   00007ff862a18d40 dd3c9eb0dce62a00
0x00007ff862a18cc0:   0000000000000006 00007ff862a19280
0x00007ff862a18cd0:   0000000000000000 00007ff88015e200
0x00007ff862a18ce0:   00007ff83c2de350 00007ff83c2de350
0x00007ff862a18cf0:   00007ff862a18da0 00007ff8865b8af0
0x00007ff862a18d00:   00007ff83c26f078 dd3c9eb0dce62a00
0x00007ff862a18d10:   0000000000000001 00007ff838045c90 

Instructions: (pc=0x00007ff886685840)
0x00007ff886685820:   89 df e8 09 ca 6e 00 c7 83 c8 02 00 00 06 00 00
0x00007ff886685830:   00 49 8b 7c 24 10 40 f6 c7 01 0f 85 70 01 00 00
0x00007ff886685840:   48 8b 3f e8 b8 f9 29 00 48 89 c7 e8 70 fd 29 00
0x00007ff886685850:   48 89 c7 e8 88 fb 29 00 49 89 c4 48 8b 00 4c 89 

Register to memory mapping:

RAX=0x0000000000000000 is an unknown value
RBX=0x00007ff88018e800 is a thread
RCX=0x00007ff8874e4320: <offset 0x21a320> in /lib/x86_64-linux-gnu/libpthread.so.0 at 0x00007ff8872ca000
RDX=0x00007ff8872a98d8: <offset 0x103e8d8> in /usr/lib/jvm/java-8-openjdk-amd64/jre/lib/amd64/server/libjvm.so at 0x00007ff88626b000
RSP=0x00007ff862a18b20 is pointing into the stack for thread: 0x00007ff88018e800
RBP=0x00007ff862a18b60 is pointing into the stack for thread: 0x00007ff88018e800
RSI=0x0000000000000001 is an unknown value
RDI=0x0000000000000000 is an unknown value
R8 =0x0000000000000001 is an unknown value
R9 =0x0000000000000000 is an unknown value
R10=0x0000000000000001 is an unknown value
R11=0x0000000000000083 is an unknown value
R12=0x00007ff88008e530 is an unknown value
R13=0x00007ff8872ae04c: <offset 0x104304c> in /usr/lib/jvm/java-8-openjdk-amd64/jre/lib/amd64/server/libjvm.so at 0x00007ff88626b000
R14=0x00007ff8872a98cc: <offset 0x103e8cc> in /usr/lib/jvm/java-8-openjdk-amd64/jre/lib/amd64/server/libjvm.so at 0x00007ff88626b000
R15=0x00007ff887282b08: <offset 0x1017b08> in /usr/lib/jvm/java-8-openjdk-amd64/jre/lib/amd64/server/libjvm.so at 0x00007ff88626b000


Stack: [0x00007ff86291b000,0x00007ff862a1b000],  sp=0x00007ff862a18b20,  free space=1014k
Native frames: (J=compiled Java code, j=interpreted, Vv=VM code, C=native code)
V  [libjvm.so+0x41a840]
V  [libjvm.so+0x351e97]
V  [libjvm.so+0x34daf0]
V  [libjvm.so+0x34f34d]
V  [libjvm.so+0x350cff]
V  [libjvm.so+0x351428]
V  [libjvm.so+0x351a67]
V  [libjvm.so+0x34daf0]
V  [libjvm.so+0x34f34d]
V  [libjvm.so+0x350cff]
V  [libjvm.so+0x35262a]
V  [libjvm.so+0x355f1a]
V  [libjvm.so+0x356aa9]
V  [libjvm.so+0x338189]
V  [libjvm.so+0x33a370]
V  [libjvm.so+0x33a53a]
V  [libjvm.so+0x33a9cf]
V  [libjvm.so+0x33b177]
V  [libjvm.so+0x499004]
V  [libjvm.so+0x49b8b8]
V  [libjvm.so+0xb071cf]
V  [libjvm.so+0xb0859a]
V  [libjvm.so+0x98eb62]
C  [libpthread.so.0+0x76db]  start_thread+0xdb


Current CompileTask:
C1:    517  707   !   3       org.apache.bookkeeper.common.collections.BusyWait::onSpinWait (17 bytes)


---------------  P R O C E S S  ---------------

Java Threads: ( => current thread )
  0x00007ff8805e0000 JavaThread "mutationTestThread" daemon [_thread_in_Java, id=17665, stack(0x00007ff861f16000,0x00007ff862017000)]
  0x00007ff8801ac000 JavaThread "Service Thread" daemon [_thread_blocked, id=17663, stack(0x00007ff862819000,0x00007ff86291a000)]
=>0x00007ff88018e800 JavaThread "C1 CompilerThread2" daemon [_thread_in_vm, id=17662, stack(0x00007ff86291b000,0x00007ff862a1b000)]
  0x00007ff88018d000 JavaThread "C2 CompilerThread1" daemon [_thread_in_native, id=17661, stack(0x00007ff862a1c000,0x00007ff862b1c000)]
  0x00007ff88018a000 JavaThread "C2 CompilerThread0" daemon [_thread_blocked, id=17660, stack(0x00007ff862b1d000,0x00007ff862c1d000)]
  0x00007ff880181000 JavaThread "Signal Dispatcher" daemon [_thread_blocked, id=17659, stack(0x00007ff862c1d000,0x00007ff862d1e000)]
  0x00007ff880154000 JavaThread "Finalizer" daemon [_thread_blocked, id=17658, stack(0x00007ff862d1e000,0x00007ff862e1f000)]
  0x00007ff88014f800 JavaThread "Reference Handler" daemon [_thread_blocked, id=17657, stack(0x00007ff862e1f000,0x00007ff862f20000)]
  0x00007ff880010800 JavaThread "main" [_thread_blocked, id=17651, stack(0x00007ff888008000,0x00007ff888108000)]

Other Threads:
  0x00007ff880146000 VMThread [stack: 0x00007ff862f21000,0x00007ff863021000] [id=17656]
  0x00007ff8801ae800 WatcherThread [stack: 0x00007ff862719000,0x00007ff862819000] [id=17664]

VM state:not at safepoint (normal execution)

VM Mutex/Monitor currently owned by a thread: None

heap address: 0x0000000706e00000, size: 2962 MB, Compressed Oops mode: Zero based, Oop shift amount: 3
Narrow klass base: 0x0000000000000000, Narrow klass shift: 3
Compressed class space size: 1073741824 Address: 0x00000007c0000000

Heap:
 PSYoungGen      total 55808K, used 32766K [0x0000000782500000, 0x0000000786300000, 0x00000007c0000000)
  eden space 48128K, 68% used [0x0000000782500000,0x00000007844ffb20,0x0000000785400000)
  from space 7680K, 0% used [0x0000000785b80000,0x0000000785b80000,0x0000000786300000)
  to   space 7680K, 0% used [0x0000000785400000,0x0000000785400000,0x0000000785b80000)
 ParOldGen       total 126976K, used 0K [0x0000000706e00000, 0x000000070ea00000, 0x0000000782500000)
  object space 126976K, 0% used [0x0000000706e00000,0x0000000706e00000,0x000000070ea00000)
 Metaspace       used 9178K, capacity 9418K, committed 9472K, reserved 1056768K
  class space    used 1168K, capacity 1247K, committed 1280K, reserved 1048576K

Card table byte_map: [0x00007ff870676000,0x00007ff870c40000] byte_map_base: 0x00007ff86ce3f000

Marking Bits: (ParMarkBitMap*) 0x00007ff8872ad680
 Begin Bits: [0x00007ff856370000, 0x00007ff8591b8000)
 End Bits:   [0x00007ff8591b8000, 0x00007ff85c000000)

Polling page: 0x00007ff88812e000

CodeCache: size=245760Kb used=2791Kb max_used=2798Kb free=242968Kb
 bounds [0x00007ff871000000, 0x00007ff8712c0000, 0x00007ff880000000]
 total_blobs=1039 nmethods=704 adapters=249
 compilation: enabled

Compilation events (10 events):
Event: 0,513 Thread 0x00007ff88018a000  702       4       jdk.internal.org.objectweb.asm.ClassWriter::get (49 bytes)
Event: 0,513 Thread 0x00007ff88018e800 nmethod 701 0x00007ff8712baa90 code [0x00007ff8712bac80, 0x00007ff8712bb868]
Event: 0,515 Thread 0x00007ff88018e800  703       3       java.lang.NullPointerException::<init> (5 bytes)
Event: 0,515 Thread 0x00007ff88018a000 nmethod 702 0x00007ff8712b5f90 code [0x00007ff8712b6100, 0x00007ff8712b6248]
Event: 0,515 Thread 0x00007ff88018e800 nmethod 703 0x00007ff8712bcf10 code [0x00007ff8712bd080, 0x00007ff8712bd2c8]
Event: 0,515 Thread 0x00007ff88018e800  704       3       java.lang.RuntimeException::<init> (5 bytes)
Event: 0,515 Thread 0x00007ff88018e800 nmethod 704 0x00007ff8712bc890 code [0x00007ff8712bca20, 0x00007ff8712bcda8]
Event: 0,516 Thread 0x00007ff88018e800  705       3       org.jctools.queues.MpscArrayQueueConsumerIndexField::lpConsumerIndex (5 bytes)
Event: 0,516 Thread 0x00007ff88018e800 nmethod 705 0x00007ff8712bc550 code [0x00007ff8712bc6a0, 0x00007ff8712bc7f0]
Event: 0,516 Thread 0x00007ff88018e800  707   !   3       org.apache.bookkeeper.common.collections.BusyWait::onSpinWait (17 bytes)

GC Heap History (0 events):
No events

Deoptimization events (3 events):
Event: 0,265 Thread 0x00007ff880010800 Uncommon trap: reason=unstable_if action=reinterpret pc=0x00007ff8711a04d8 method=java.lang.String.indexOf([CII[CIII)I @ 134
Event: 0,424 Thread 0x00007ff880010800 Uncommon trap: reason=unstable_if action=reinterpret pc=0x00007ff8711aa5c0 method=java.lang.String.replace(CC)Ljava/lang/String; @ 26
Event: 0,511 Thread 0x00007ff8805e0000 Uncommon trap: reason=unstable_if action=reinterpret pc=0x00007ff871215d0c method=java.lang.AbstractStringBuilder.append(Ljava/lang/String;)Ljava/lang/AbstractStringBuilder; @ 1

Classes redefined (1 events):
Event: 0,453 Thread 0x00007ff880146000 redefined class name=org.apache.bookkeeper.common.collections.BusyWait, count=1

Internal exceptions (10 events):
Event: 0,503 Thread 0x00007ff8805e0000 Exception <a 'java/lang/ClassNotFoundException': org/apache/log4j/LayoutBeanInfo> (0x000000078435c188) thrown at [/build/openjdk-8-ElpxQ7/openjdk-8-8u275-b01/src/hotspot/src/share/vm/classfile/systemDictionary.cpp, line 217]
Event: 0,503 Thread 0x00007ff8805e0000 Exception <a 'java/lang/ClassNotFoundException': java/lang/ObjectBeanInfo> (0x0000000784362250) thrown at [/build/openjdk-8-ElpxQ7/openjdk-8-8u275-b01/src/hotspot/src/share/vm/classfile/systemDictionary.cpp, line 217]
Event: 0,503 Thread 0x00007ff8805e0000 Exception <a 'java/lang/ClassNotFoundException': java/lang/ObjectCustomizer> (0x0000000784368ab0) thrown at [/build/openjdk-8-ElpxQ7/openjdk-8-8u275-b01/src/hotspot/src/share/vm/classfile/systemDictionary.cpp, line 217]
Event: 0,504 Thread 0x00007ff8805e0000 Exception <a 'java/lang/ArrayIndexOutOfBoundsException'> (0x0000000784374978) thrown at [/build/openjdk-8-ElpxQ7/openjdk-8-8u275-b01/src/hotspot/src/share/vm/runtime/sharedRuntime.cpp, line 605]
Event: 0,505 Thread 0x00007ff8805e0000 Exception <a 'java/lang/ArrayIndexOutOfBoundsException'> (0x000000078437aad0) thrown at [/build/openjdk-8-ElpxQ7/openjdk-8-8u275-b01/src/hotspot/src/share/vm/runtime/sharedRuntime.cpp, line 605]
Event: 0,505 Thread 0x00007ff8805e0000 Exception <a 'java/lang/ArrayIndexOutOfBoundsException'> (0x000000078437fe10) thrown at [/build/openjdk-8-ElpxQ7/openjdk-8-8u275-b01/src/hotspot/src/share/vm/runtime/sharedRuntime.cpp, line 605]
Event: 0,507 Thread 0x00007ff8805e0000 Exception <a 'java/lang/ClassNotFoundException': org/apache/log4j/LayoutCustomizer> (0x0000000784398a18) thrown at [/build/openjdk-8-ElpxQ7/openjdk-8-8u275-b01/src/hotspot/src/share/vm/classfile/systemDictionary.cpp, line 217]
Event: 0,508 Thread 0x00007ff8805e0000 Exception <a 'java/lang/ClassNotFoundException': org/apache/log4j/PatternLayoutCustomizer> (0x00000007843bb888) thrown at [/build/openjdk-8-ElpxQ7/openjdk-8-8u275-b01/src/hotspot/src/share/vm/classfile/systemDictionary.cpp, line 217]
Event: 0,511 Thread 0x00007ff8805e0000 Implicit null exception at 0x00007ff871215936 to 0x00007ff871215cf5
Event: 0,512 Thread 0x00007ff8805e0000 Exception <a 'java/lang/NoSuchMethodError': java.lang.Thread.onSpinWait()V> (0x00000007843f0940) thrown at [/build/openjdk-8-ElpxQ7/openjdk-8-8u275-b01/src/hotspot/src/share/vm/interpreter/linkResolver.cpp, line 620]

Events (10 events):
Event: 0,510 loading class java/util/Vector$1 done
Event: 0,510 loading class org/apache/log4j/helpers/AppenderAttachableImpl
Event: 0,510 loading class org/apache/log4j/helpers/AppenderAttachableImpl done
Event: 0,511 loading class org/apache/log4j/CategoryKey
Event: 0,511 loading class org/apache/log4j/CategoryKey done
Event: 0,511 loading class org/apache/log4j/ProvisionNode
Event: 0,511 loading class org/apache/log4j/ProvisionNode done
Event: 0,511 Thread 0x00007ff8805e0000 Uncommon trap: trap_request=0xffffff65 fr.pc=0x00007ff871215d0c
Event: 0,511 Thread 0x00007ff8805e0000 DEOPT PACKING pc=0x00007ff871215d0c sp=0x00007ff862012d00
Event: 0,511 Thread 0x00007ff8805e0000 DEOPT UNPACKING pc=0x00007ff87104547a sp=0x00007ff862012ce0 mode 2


Dynamic libraries:
706e00000-70ea00000 rw-p 00000000 00:00 0 
70ea00000-782500000 ---p 00000000 00:00 0 
782500000-786300000 rw-p 00000000 00:00 0 
786300000-7c0000000 ---p 00000000 00:00 0 
7c0000000-7c0140000 rw-p 00000000 00:00 0 
7c0140000-800000000 ---p 00000000 00:00 0 
55a7990a9000-55a7990aa000 r-xp 00000000 08:05 11668008                   /usr/lib/jvm/java-8-openjdk-amd64/jre/bin/java
55a7992a9000-55a7992aa000 r--p 00000000 08:05 11668008                   /usr/lib/jvm/java-8-openjdk-amd64/jre/bin/java
55a7992aa000-55a7992ab000 rw-p 00001000 08:05 11668008                   /usr/lib/jvm/java-8-openjdk-amd64/jre/bin/java
55a799579000-55a79959a000 rw-p 00000000 00:00 0                          [heap]
7ff828000000-7ff82807d000 rw-p 00000000 00:00 0 
7ff82807d000-7ff82c000000 ---p 00000000 00:00 0 
7ff830000000-7ff830021000 rw-p 00000000 00:00 0 
7ff830021000-7ff834000000 ---p 00000000 00:00 0 
7ff834000000-7ff834021000 rw-p 00000000 00:00 0 
7ff834021000-7ff838000000 ---p 00000000 00:00 0 
7ff838000000-7ff838208000 rw-p 00000000 00:00 0 
7ff838208000-7ff83c000000 ---p 00000000 00:00 0 
7ff83c000000-7ff83c31a000 rw-p 00000000 00:00 0 
7ff83c31a000-7ff840000000 ---p 00000000 00:00 0 
7ff840000000-7ff840021000 rw-p 00000000 00:00 0 
7ff840021000-7ff844000000 ---p 00000000 00:00 0 
7ff844000000-7ff8441e7000 rw-p 00000000 00:00 0 
7ff8441e7000-7ff848000000 ---p 00000000 00:00 0 
7ff848000000-7ff848021000 rw-p 00000000 00:00 0 
7ff848021000-7ff84c000000 ---p 00000000 00:00 0 
7ff84c000000-7ff84c021000 rw-p 00000000 00:00 0 
7ff84c021000-7ff850000000 ---p 00000000 00:00 0 
7ff850000000-7ff850021000 rw-p 00000000 00:00 0 
7ff850021000-7ff854000000 ---p 00000000 00:00 0 
7ff8555a7000-7ff85c000000 rw-p 00000000 00:00 0 
7ff85c000000-7ff85c021000 rw-p 00000000 00:00 0 
7ff85c021000-7ff860000000 ---p 00000000 00:00 0 
7ff861f16000-7ff861f19000 ---p 00000000 00:00 0 
7ff861f19000-7ff862017000 rw-p 00000000 00:00 0 
7ff862017000-7ff862020000 r-xp 00000000 08:05 11674570                   /usr/lib/jvm/java-8-openjdk-amd64/jre/lib/amd64/libmanagement.so
7ff862020000-7ff86221f000 ---p 00009000 08:05 11674570                   /usr/lib/jvm/java-8-openjdk-amd64/jre/lib/amd64/libmanagement.so
7ff86221f000-7ff862220000 r--p 00008000 08:05 11674570                   /usr/lib/jvm/java-8-openjdk-amd64/jre/lib/amd64/libmanagement.so
7ff862220000-7ff862221000 rw-p 00009000 08:05 11674570                   /usr/lib/jvm/java-8-openjdk-amd64/jre/lib/amd64/libmanagement.so
7ff862221000-7ff862239000 r-xp 00000000 08:05 11674572                   /usr/lib/jvm/java-8-openjdk-amd64/jre/lib/amd64/libnet.so
7ff862239000-7ff862438000 ---p 00018000 08:05 11674572                   /usr/lib/jvm/java-8-openjdk-amd64/jre/lib/amd64/libnet.so
7ff862438000-7ff862439000 r--p 00017000 08:05 11674572                   /usr/lib/jvm/java-8-openjdk-amd64/jre/lib/amd64/libnet.so
7ff862439000-7ff86243a000 rw-p 00018000 08:05 11674572                   /usr/lib/jvm/java-8-openjdk-amd64/jre/lib/amd64/libnet.so
7ff86243a000-7ff86244c000 r-xp 00000000 08:05 11674573                   /usr/lib/jvm/java-8-openjdk-amd64/jre/lib/amd64/libnio.so
7ff86244c000-7ff86264b000 ---p 00012000 08:05 11674573                   /usr/lib/jvm/java-8-openjdk-amd64/jre/lib/amd64/libnio.so
7ff86264b000-7ff86264c000 r--p 00011000 08:05 11674573                   /usr/lib/jvm/java-8-openjdk-amd64/jre/lib/amd64/libnio.so
7ff86264c000-7ff86264d000 rw-p 00012000 08:05 11674573                   /usr/lib/jvm/java-8-openjdk-amd64/jre/lib/amd64/libnio.so
7ff86264d000-7ff86265b000 r--s 000a2000 08:05 40155242                   /home/capo80/.m2/repository/org/pitest/pitest/1.6.2/pitest-1.6.2.jar
7ff86265b000-7ff86265d000 r--s 00003000 08:05 39983443                   /home/capo80/.m2/repository/org/powermock/powermock-module-junit4-common/2.0.2/powermock-module-junit4-common-2.0.2.jar
7ff86265d000-7ff86265f000 r--s 0000a000 08:05 39983441                   /home/capo80/.m2/repository/org/powermock/powermock-module-junit4/2.0.2/powermock-module-junit4-2.0.2.jar
7ff86265f000-7ff862669000 r--s 000b4000 08:05 39983440                   /home/capo80/.m2/repository/org/javassist/javassist/3.24.0-GA/javassist-3.24.0-GA.jar
7ff862669000-7ff862670000 r--s 0002b000 08:05 39983439                   /home/capo80/.m2/repository/org/powermock/powermock-core/2.0.2/powermock-core-2.0.2.jar
7ff862670000-7ff862673000 r--s 0000e000 08:05 39983435                   /home/capo80/.m2/repository/org/powermock/powermock-reflect/2.0.2/powermock-reflect-2.0.2.jar
7ff862673000-7ff862675000 r--s 00004000 08:05 39983434                   /home/capo80/.m2/repository/org/powermock/powermock-api-support/2.0.2/powermock-api-support-2.0.2.jar
7ff862675000-7ff862679000 r--s 00012000 08:05 39983433                   /home/capo80/.m2/repository/org/powermock/powermock-api-mockito2/2.0.2/powermock-api-mockito2-2.0.2.jar
7ff862679000-7ff86267b000 r--s 0000c000 08:05 39983429                   /home/capo80/.m2/repository/org/objenesis/objenesis/2.6/objenesis-2.6.jar
7ff86267b000-7ff86267d000 r--s 00009000 08:05 39983428                   /home/capo80/.m2/repository/net/bytebuddy/byte-buddy-agent/1.9.10/byte-buddy-agent-1.9.10.jar
7ff86267d000-7ff8626c4000 r--s 002d9000 08:05 39983427                   /home/capo80/.m2/repository/net/bytebuddy/byte-buddy/1.9.10/byte-buddy-1.9.10.jar
7ff8626c4000-7ff8626d5000 r--s 00080000 08:05 39983424                   /home/capo80/.m2/repository/org/mockito/mockito-core/3.0.0/mockito-core-3.0.0.jar
7ff8626d5000-7ff8626de000 r--s 0006f000 08:05 39983422                   /home/capo80/.m2/repository/log4j/log4j/1.2.17/log4j-1.2.17.jar
7ff8626de000-7ff8626df000 r--s 00002000 08:05 39983421                   /home/capo80/.m2/repository/org/slf4j/slf4j-log4j12/1.7.25/slf4j-log4j12-1.7.25.jar
7ff8626df000-7ff8626e5000 r--s 00045000 08:05 39983418                   /home/capo80/.m2/repository/org/hamcrest/hamcrest-all/1.3/hamcrest-all-1.3.jar
7ff8626e5000-7ff8626e7000 r--s 00009000 08:05 39982488                   /home/capo80/.m2/repository/org/hamcrest/hamcrest-core/1.3/hamcrest-core-1.3.jar
7ff8626e7000-7ff8626ef000 r--s 00045000 08:05 39983416                   /home/capo80/.m2/repository/junit/junit/4.12/junit-4.12.jar
7ff8626ef000-7ff8626f1000 r--s 0000d000 08:05 39982624                   /home/capo80/.m2/repository/commons-logging/commons-logging/1.1.1/commons-logging-1.1.1.jar
7ff8626f1000-7ff8626f6000 r--s 00041000 08:05 39982622                   /home/capo80/.m2/repository/commons-lang/commons-lang/2.6/commons-lang-2.6.jar
7ff8626f6000-7ff8626fd000 r--s 00052000 08:05 39983413                   /home/capo80/.m2/repository/commons-configuration/commons-configuration/1.10/commons-configuration-1.10.jar
7ff8626fd000-7ff8626ff000 r--s 00009000 08:05 39983407                   /home/capo80/.m2/repository/org/slf4j/slf4j-api/1.7.25/slf4j-api-1.7.25.jar
7ff8626ff000-7ff862701000 r--s 00002000 08:05 39983411                   /home/capo80/.m2/repository/com/github/spotbugs/spotbugs-annotations/3.1.8/spotbugs-annotations-3.1.8.jar
7ff862701000-7ff862718000 r--s 00198000 08:05 39983405                   /home/capo80/.m2/repository/org/projectlombok/lombok/1.18.10/lombok-1.18.10.jar
7ff862718000-7ff862719000 ---p 00000000 00:00 0 
7ff862719000-7ff862819000 rw-p 00000000 00:00 0 
7ff862819000-7ff86281c000 ---p 00000000 00:00 0 
7ff86281c000-7ff86291a000 rw-p 00000000 00:00 0 
7ff86291a000-7ff86291b000 ---p 00000000 00:00 0 
7ff86291b000-7ff86291e000 ---p 00000000 00:00 0 
7ff86291e000-7ff862a1b000 rw-p 00000000 00:00 0 
7ff862a1b000-7ff862a1c000 ---p 00000000 00:00 0 
7ff862a1c000-7ff862a1f000 ---p 00000000 00:00 0 
7ff862a1f000-7ff862b1c000 rw-p 00000000 00:00 0 
7ff862b1c000-7ff862b1d000 ---p 00000000 00:00 0 
7ff862b1d000-7ff862b20000 ---p 00000000 00:00 0 
7ff862b20000-7ff862c1d000 rw-p 00000000 00:00 0 
7ff862c1d000-7ff862c20000 ---p 00000000 00:00 0 
7ff862c20000-7ff862d1e000 rw-p 00000000 00:00 0 
7ff862d1e000-7ff862d21000 ---p 00000000 00:00 0 
7ff862d21000-7ff862e1f000 rw-p 00000000 00:00 0 
7ff862e1f000-7ff862e22000 ---p 00000000 00:00 0 
7ff862e22000-7ff862f20000 rw-p 00000000 00:00 0 
7ff862f20000-7ff862f21000 ---p 00000000 00:00 0 
7ff862f21000-7ff863e2f000 rw-p 00000000 00:00 0 
7ff863e2f000-7ff864000000 r--s 03c94000 08:05 11685202                   /usr/lib/jvm/java-8-openjdk-amd64/jre/lib/rt.jar
7ff864000000-7ff864021000 rw-p 00000000 00:00 0 
7ff864021000-7ff868000000 ---p 00000000 00:00 0 
7ff868000000-7ff868021000 rw-p 00000000 00:00 0 
7ff868021000-7ff86c000000 ---p 00000000 00:00 0 
7ff86c000000-7ff86c021000 rw-p 00000000 00:00 0 
7ff86c021000-7ff870000000 ---p 00000000 00:00 0 
7ff870000000-7ff870008000 r--s 00071000 08:05 39983913                   /home/capo80/.m2/repository/org/apache/commons/commons-lang3/3.6/commons-lang3-3.6.jar
7ff870008000-7ff870009000 r--s 00002000 08:05 39983669                   /home/capo80/.m2/repository/com/google/errorprone/error_prone_annotations/2.1.2/error_prone_annotations-2.1.2.jar
7ff870009000-7ff87000b000 r--s 00003000 08:05 39983410                   /home/capo80/.m2/repository/com/google/code/findbugs/jsr305/3.0.2/jsr305-3.0.2.jar
7ff87000b000-7ff870011000 r--s 00038000 08:05 39983977                   /home/capo80/.m2/repository/org/jctools/jctools-core/2.1.2/jctools-core-2.1.2.jar
7ff870011000-7ff870014000 r--s 0000e000 08:05 39983978                   /home/capo80/.m2/repository/com/fasterxml/jackson/core/jackson-annotations/2.11.0/jackson-annotations-2.11.0.jar
7ff870014000-7ff87002a000 r--s 00145000 08:05 39983974                   /home/capo80/.m2/repository/com/fasterxml/jackson/core/jackson-databind/2.11.0/jackson-databind-2.11.0.jar
7ff87002a000-7ff87002e000 r--s 00052000 08:05 39983973                   /home/capo80/.m2/repository/com/fasterxml/jackson/core/jackson-core/2.11.0/jackson-core-2.11.0.jar
7ff87002e000-7ff87003b000 r--s 0008c000 08:05 39983677                   /home/capo80/.m2/repository/io/netty/netty-common/4.1.50.Final/netty-common-4.1.50.Final.jar
7ff87003b000-7ff87003d000 r--s 00001000 08:05 39983675                   /home/capo80/.m2/repository/com/google/j2objc/j2objc-annotations/1.3/j2objc-annotations-1.3.jar
7ff87003d000-7ff870048000 r--s 0002a000 08:05 39983671                   /home/capo80/.m2/repository/org/checkerframework/checker-qual/3.5.0/checker-qual-3.5.0.jar
7ff870048000-7ff87004a000 r--s 00000000 08:05 39983665                   /home/capo80/.m2/repository/com/google/guava/failureaccess/1.0.1/failureaccess-1.0.1.jar
7ff87004a000-7ff870199000 rw-p 00000000 00:00 0 
7ff870199000-7ff87019a000 ---p 00000000 00:00 0 
7ff87019a000-7ff8702d8000 rw-p 00000000 00:00 0 
7ff8702d8000-7ff870676000 ---p 00000000 00:00 0 
7ff870676000-7ff8706b4000 rw-p 00000000 00:00 0 
7ff8706b4000-7ff870a51000 ---p 00000000 00:00 0 
7ff870a51000-7ff870a71000 rw-p 00000000 00:00 0 
7ff870a71000-7ff870c3f000 ---p 00000000 00:00 0 
7ff870c3f000-7ff870c4b000 rw-p 00000000 00:00 0 
7ff870c4b000-7ff871000000 ---p 00000000 00:00 0 
7ff871000000-7ff8712c0000 rwxp 00000000 00:00 0 
7ff8712c0000-7ff880000000 ---p 00000000 00:00 0 
7ff880000000-7ff88068a000 rw-p 00000000 00:00 0 
7ff88068a000-7ff884000000 ---p 00000000 00:00 0 
7ff884000000-7ff884001000 r--s 00000000 08:05 39983667                   /home/capo80/.m2/repository/com/google/guava/listenablefuture/9999.0-empty-to-avoid-conflict-with-guava/listenablefuture-9999.0-empty-to-avoid-conflict-with-guava.jar
7ff884001000-7ff884034000 r--s 00287000 08:05 39983663                   /home/capo80/.m2/repository/com/google/guava/guava/30.0-jre/guava-30.0-jre.jar
7ff884034000-7ff884035000 r--s 00005000 08:05 39984623                   /home/capo80/.m2/repository/org/apache/bookkeeper/cpu-affinity/4.13.0-SNAPSHOT/cpu-affinity-4.13.0-SNAPSHOT.jar
7ff884035000-7ff884037000 r--s 00010000 08:05 11674600                   /usr/lib/jvm/java-8-openjdk-amd64/jre/lib/ext/zipfs.jar
7ff884037000-7ff8840ad000 rw-p 00000000 00:00 0 
7ff8840ad000-7ff8840ae000 ---p 00000000 00:00 0 
7ff8840ae000-7ff8841ae000 rw-p 00000000 00:00 0 
7ff8841ae000-7ff8841af000 ---p 00000000 00:00 0 
7ff8841af000-7ff8842af000 rw-p 00000000 00:00 0 
7ff8842af000-7ff8842b0000 ---p 00000000 00:00 0 
7ff8842b0000-7ff8843b0000 rw-p 00000000 00:00 0 
7ff8843b0000-7ff8843b8000 r-xp 00000000 08:05 11674580                   /usr/lib/jvm/java-8-openjdk-amd64/jre/lib/amd64/libzip.so
7ff8843b8000-7ff8845b7000 ---p 00008000 08:05 11674580                   /usr/lib/jvm/java-8-openjdk-amd64/jre/lib/amd64/libzip.so
7ff8845b7000-7ff8845b8000 r--p 00007000 08:05 11674580                   /usr/lib/jvm/java-8-openjdk-amd64/jre/lib/amd64/libzip.so
7ff8845b8000-7ff8845b9000 rw-p 00008000 08:05 11674580                   /usr/lib/jvm/java-8-openjdk-amd64/jre/lib/amd64/libzip.so
7ff8845b9000-7ff8845c4000 r-xp 00000000 08:05 7078164                    /lib/x86_64-linux-gnu/libnss_files-2.27.so
7ff8845c4000-7ff8847c3000 ---p 0000b000 08:05 7078164                    /lib/x86_64-linux-gnu/libnss_files-2.27.so
7ff8847c3000-7ff8847c4000 r--p 0000a000 08:05 7078164                    /lib/x86_64-linux-gnu/libnss_files-2.27.so
7ff8847c4000-7ff8847c5000 rw-p 0000b000 08:05 7078164                    /lib/x86_64-linux-gnu/libnss_files-2.27.so
7ff8847c5000-7ff8847cb000 rw-p 00000000 00:00 0 
7ff8847cb000-7ff8847e2000 r-xp 00000000 08:05 7078161                    /lib/x86_64-linux-gnu/libnsl-2.27.so
7ff8847e2000-7ff8849e1000 ---p 00017000 08:05 7078161                    /lib/x86_64-linux-gnu/libnsl-2.27.so
7ff8849e1000-7ff8849e2000 r--p 00016000 08:05 7078161                    /lib/x86_64-linux-gnu/libnsl-2.27.so
7ff8849e2000-7ff8849e3000 rw-p 00017000 08:05 7078161                    /lib/x86_64-linux-gnu/libnsl-2.27.so
7ff8849e3000-7ff8849e5000 rw-p 00000000 00:00 0 
7ff8849e5000-7ff8849f0000 r-xp 00000000 08:05 7078166                    /lib/x86_64-linux-gnu/libnss_nis-2.27.so
7ff8849f0000-7ff884bef000 ---p 0000b000 08:05 7078166                    /lib/x86_64-linux-gnu/libnss_nis-2.27.so
7ff884bef000-7ff884bf0000 r--p 0000a000 08:05 7078166                    /lib/x86_64-linux-gnu/libnss_nis-2.27.so
7ff884bf0000-7ff884bf1000 rw-p 0000b000 08:05 7078166                    /lib/x86_64-linux-gnu/libnss_nis-2.27.so
7ff884bf1000-7ff884bf9000 r-xp 00000000 08:05 7078162                    /lib/x86_64-linux-gnu/libnss_compat-2.27.so
7ff884bf9000-7ff884df9000 ---p 00008000 08:05 7078162                    /lib/x86_64-linux-gnu/libnss_compat-2.27.so
7ff884df9000-7ff884dfa000 r--p 00008000 08:05 7078162                    /lib/x86_64-linux-gnu/libnss_compat-2.27.so
7ff884dfa000-7ff884dfb000 rw-p 00009000 08:05 7078162                    /lib/x86_64-linux-gnu/libnss_compat-2.27.so
7ff884dfb000-7ff8850da000 r--p 00000000 08:05 11535880                   /usr/lib/locale/locale-archive
7ff8850da000-7ff8850e4000 r-xp 00000000 08:05 11668028                   /usr/lib/jvm/java-8-openjdk-amd64/jre/lib/amd64/libinstrument.so
7ff8850e4000-7ff8852e3000 ---p 0000a000 08:05 11668028                   /usr/lib/jvm/java-8-openjdk-amd64/jre/lib/amd64/libinstrument.so
7ff8852e3000-7ff8852e4000 r--p 00009000 08:05 11668028                   /usr/lib/jvm/java-8-openjdk-amd64/jre/lib/amd64/libinstrument.so
7ff8852e4000-7ff8852e5000 rw-p 0000a000 08:05 11668028                   /usr/lib/jvm/java-8-openjdk-amd64/jre/lib/amd64/libinstrument.so
7ff8852e5000-7ff88530f000 r-xp 00000000 08:05 11668033                   /usr/lib/jvm/java-8-openjdk-amd64/jre/lib/amd64/libjava.so
7ff88530f000-7ff88550f000 ---p 0002a000 08:05 11668033                   /usr/lib/jvm/java-8-openjdk-amd64/jre/lib/amd64/libjava.so
7ff88550f000-7ff885510000 r--p 0002a000 08:05 11668033                   /usr/lib/jvm/java-8-openjdk-amd64/jre/lib/amd64/libjava.so
7ff885510000-7ff885512000 rw-p 0002b000 08:05 11668033                   /usr/lib/jvm/java-8-openjdk-amd64/jre/lib/amd64/libjava.so
7ff885512000-7ff885522000 r-xp 00000000 08:05 11674579                   /usr/lib/jvm/java-8-openjdk-amd64/jre/lib/amd64/libverify.so
7ff885522000-7ff885721000 ---p 00010000 08:05 11674579                   /usr/lib/jvm/java-8-openjdk-amd64/jre/lib/amd64/libverify.so
7ff885721000-7ff885723000 r--p 0000f000 08:05 11674579                   /usr/lib/jvm/java-8-openjdk-amd64/jre/lib/amd64/libverify.so
7ff885723000-7ff885724000 rw-p 00011000 08:05 11674579                   /usr/lib/jvm/java-8-openjdk-amd64/jre/lib/amd64/libverify.so
7ff885724000-7ff88572b000 r-xp 00000000 08:05 7078171                    /lib/x86_64-linux-gnu/librt-2.27.so
7ff88572b000-7ff88592a000 ---p 00007000 08:05 7078171                    /lib/x86_64-linux-gnu/librt-2.27.so
7ff88592a000-7ff88592b000 r--p 00006000 08:05 7078171                    /lib/x86_64-linux-gnu/librt-2.27.so
7ff88592b000-7ff88592c000 rw-p 00007000 08:05 7078171                    /lib/x86_64-linux-gnu/librt-2.27.so
7ff88592c000-7ff885943000 r-xp 00000000 08:05 7078259                    /lib/x86_64-linux-gnu/libgcc_s.so.1
7ff885943000-7ff885b42000 ---p 00017000 08:05 7078259                    /lib/x86_64-linux-gnu/libgcc_s.so.1
7ff885b42000-7ff885b43000 r--p 00016000 08:05 7078259                    /lib/x86_64-linux-gnu/libgcc_s.so.1
7ff885b43000-7ff885b44000 rw-p 00017000 08:05 7078259                    /lib/x86_64-linux-gnu/libgcc_s.so.1
7ff885b44000-7ff885ce1000 r-xp 00000000 08:05 7078158                    /lib/x86_64-linux-gnu/libm-2.27.so
7ff885ce1000-7ff885ee0000 ---p 0019d000 08:05 7078158                    /lib/x86_64-linux-gnu/libm-2.27.so
7ff885ee0000-7ff885ee1000 r--p 0019c000 08:05 7078158                    /lib/x86_64-linux-gnu/libm-2.27.so
7ff885ee1000-7ff885ee2000 rw-p 0019d000 08:05 7078158                    /lib/x86_64-linux-gnu/libm-2.27.so
7ff885ee2000-7ff88605b000 r-xp 00000000 08:05 11534920                   /usr/lib/x86_64-linux-gnu/libstdc++.so.6.0.25
7ff88605b000-7ff88625b000 ---p 00179000 08:05 11534920                   /usr/lib/x86_64-linux-gnu/libstdc++.so.6.0.25
7ff88625b000-7ff886265000 r--p 00179000 08:05 11534920                   /usr/lib/x86_64-linux-gnu/libstdc++.so.6.0.25
7ff886265000-7ff886267000 rw-p 00183000 08:05 11534920                   /usr/lib/x86_64-linux-gnu/libstdc++.so.6.0.25
7ff886267000-7ff88626b000 rw-p 00000000 00:00 0 
7ff88626b000-7ff886fd9000 r-xp 00000000 08:05 11674582                   /usr/lib/jvm/java-8-openjdk-amd64/jre/lib/amd64/server/libjvm.so
7ff886fd9000-7ff8871d8000 ---p 00d6e000 08:05 11674582                   /usr/lib/jvm/java-8-openjdk-amd64/jre/lib/amd64/server/libjvm.so
7ff8871d8000-7ff88726e000 r--p 00d6d000 08:05 11674582                   /usr/lib/jvm/java-8-openjdk-amd64/jre/lib/amd64/server/libjvm.so
7ff88726e000-7ff887297000 rw-p 00e03000 08:05 11674582                   /usr/lib/jvm/java-8-openjdk-amd64/jre/lib/amd64/server/libjvm.so
7ff887297000-7ff8872ca000 rw-p 00000000 00:00 0 
7ff8872ca000-7ff8872e4000 r-xp 00000000 08:05 7078169                    /lib/x86_64-linux-gnu/libpthread-2.27.so
7ff8872e4000-7ff8874e3000 ---p 0001a000 08:05 7078169                    /lib/x86_64-linux-gnu/libpthread-2.27.so
7ff8874e3000-7ff8874e4000 r--p 00019000 08:05 7078169                    /lib/x86_64-linux-gnu/libpthread-2.27.so
7ff8874e4000-7ff8874e5000 rw-p 0001a000 08:05 7078169                    /lib/x86_64-linux-gnu/libpthread-2.27.so
7ff8874e5000-7ff8874e9000 rw-p 00000000 00:00 0 
7ff8874e9000-7ff8874ec000 r-xp 00000000 08:05 7078157                    /lib/x86_64-linux-gnu/libdl-2.27.so
7ff8874ec000-7ff8876eb000 ---p 00003000 08:05 7078157                    /lib/x86_64-linux-gnu/libdl-2.27.so
7ff8876eb000-7ff8876ec000 r--p 00002000 08:05 7078157                    /lib/x86_64-linux-gnu/libdl-2.27.so
7ff8876ec000-7ff8876ed000 rw-p 00003000 08:05 7078157                    /lib/x86_64-linux-gnu/libdl-2.27.so
7ff8876ed000-7ff887709000 r-xp 00000000 08:05 7082844                    /lib/x86_64-linux-gnu/libz.so.1.2.11
7ff887709000-7ff887908000 ---p 0001c000 08:05 7082844                    /lib/x86_64-linux-gnu/libz.so.1.2.11
7ff887908000-7ff887909000 r--p 0001b000 08:05 7082844                    /lib/x86_64-linux-gnu/libz.so.1.2.11
7ff887909000-7ff88790a000 rw-p 0001c000 08:05 7082844                    /lib/x86_64-linux-gnu/libz.so.1.2.11
7ff88790a000-7ff887af1000 r-xp 00000000 08:05 7078154                    /lib/x86_64-linux-gnu/libc-2.27.so
7ff887af1000-7ff887cf1000 ---p 001e7000 08:05 7078154                    /lib/x86_64-linux-gnu/libc-2.27.so
7ff887cf1000-7ff887cf5000 r--p 001e7000 08:05 7078154                    /lib/x86_64-linux-gnu/libc-2.27.so
7ff887cf5000-7ff887cf7000 rw-p 001eb000 08:05 7078154                    /lib/x86_64-linux-gnu/libc-2.27.so
7ff887cf7000-7ff887cfb000 rw-p 00000000 00:00 0 
7ff887cfb000-7ff887d09000 r-xp 00000000 08:05 11668019                   /usr/lib/jvm/java-8-openjdk-amd64/jre/lib/amd64/jli/libjli.so
7ff887d09000-7ff887f08000 ---p 0000e000 08:05 11668019                   /usr/lib/jvm/java-8-openjdk-amd64/jre/lib/amd64/jli/libjli.so
7ff887f08000-7ff887f09000 r--p 0000d000 08:05 11668019                   /usr/lib/jvm/java-8-openjdk-amd64/jre/lib/amd64/jli/libjli.so
7ff887f09000-7ff887f0a000 rw-p 0000e000 08:05 11668019                   /usr/lib/jvm/java-8-openjdk-amd64/jre/lib/amd64/jli/libjli.so
7ff887f0a000-7ff887f31000 r-xp 00000000 08:05 7077974                    /lib/x86_64-linux-gnu/ld-2.27.so
7ff887f31000-7ff887f32000 r--s 00004000 08:05 39984610                   /home/capo80/.m2/repository/org/apache/bookkeeper/stats/bookkeeper-stats-api/4.13.0-SNAPSHOT/bookkeeper-stats-api-4.13.0-SNAPSHOT.jar
7ff887f32000-7ff887f4d000 r--s 001d6000 08:05 11674596                   /usr/lib/jvm/java-8-openjdk-amd64/jre/lib/ext/nashorn.jar
7ff887f4d000-7ff887f4e000 r--s 0000d000 08:05 11674597                   /usr/lib/jvm/java-8-openjdk-amd64/jre/lib/ext/sunec.jar
7ff887f4e000-7ff887f51000 r--s 0000f000 08:05 11674593                   /usr/lib/jvm/java-8-openjdk-amd64/jre/lib/ext/icedtea-sound.jar
7ff887f51000-7ff887f6c000 r--s 00394000 08:05 11674591                   /usr/lib/jvm/java-8-openjdk-amd64/jre/lib/ext/cldrdata.jar
7ff887f6c000-7ff887f72000 r--s 0003d000 08:05 11674598                   /usr/lib/jvm/java-8-openjdk-amd64/jre/lib/ext/sunjce_provider.jar
7ff887f72000-7ff888007000 rw-p 00000000 00:00 0 
7ff888007000-7ff888008000 ---p 00000000 00:00 0 
7ff888008000-7ff88800b000 ---p 00000000 00:00 0 
7ff88800b000-7ff88810a000 rw-p 00000000 00:00 0 
7ff88810a000-7ff88810b000 r--s 0000a000 08:05 11674594                   /usr/lib/jvm/java-8-openjdk-amd64/jre/lib/ext/jaccess.jar
7ff88810b000-7ff88810d000 r--s 00007000 08:05 11932427                   /usr/share/java/java-atk-wrapper.jar
7ff88810d000-7ff88810f000 r--s 00001000 08:05 11674592                   /usr/lib/jvm/java-8-openjdk-amd64/jre/lib/ext/dnsns.jar
7ff88810f000-7ff888119000 r--s 00117000 08:05 11674595                   /usr/lib/jvm/java-8-openjdk-amd64/jre/lib/ext/localedata.jar
7ff888119000-7ff88811d000 r--s 00040000 08:05 11674599                   /usr/lib/jvm/java-8-openjdk-amd64/jre/lib/ext/sunpkcs11.jar
7ff88811d000-7ff888123000 r--s 000d3000 08:05 11685196                   /usr/lib/jvm/java-8-openjdk-amd64/jre/lib/jfr.jar
7ff888123000-7ff888125000 r--s 00000000 08:05 36969060                   /tmp/16095854855880483113129305062344616784403584835828.jar
7ff888125000-7ff88812d000 rw-s 00000000 08:05 36969501                   /tmp/hsperfdata_capo80/17646
7ff88812d000-7ff88812e000 rw-p 00000000 00:00 0 
7ff88812e000-7ff88812f000 r--p 00000000 00:00 0 
7ff88812f000-7ff888131000 rw-p 00000000 00:00 0 
7ff888131000-7ff888132000 r--p 00027000 08:05 7077974                    /lib/x86_64-linux-gnu/ld-2.27.so
7ff888132000-7ff888133000 rw-p 00028000 08:05 7077974                    /lib/x86_64-linux-gnu/ld-2.27.so
7ff888133000-7ff888134000 rw-p 00000000 00:00 0 
7ffe477d2000-7ffe477f4000 rw-p 00000000 00:00 0                          [stack]
7ffe477fb000-7ffe477fe000 r--p 00000000 00:00 0                          [vvar]
7ffe477fe000-7ffe477ff000 r-xp 00000000 00:00 0                          [vdso]
ffffffffff600000-ffffffffff601000 --xp 00000000 00:00 0                  [vsyscall]

VM Arguments:
jvm_args: -Djava.awt.headless=true -javaagent:/tmp/16095854855880483113129305062344616784403584835828.jar -Dclassworlds.conf=/usr/share/maven/bin/m2.conf -Dmaven.home=/usr/share/maven -Dlibrary.jansi.path=/usr/share/maven/lib/jansi-native -Dmaven.multiModuleProjectDirectory=/home/capo80/Desktop/ISPW2/bookkeeper 
java_command: org.pitest.mutationtest.execute.MutationTestMinion 44537
java_class_path (initial): /home/capo80/Desktop/ISPW2/bookkeeper/bookkeeper-common/target/test-classes:/home/capo80/Desktop/ISPW2/bookkeeper/bookkeeper-common/target/classes:/home/capo80/.m2/repository/org/apache/bookkeeper/stats/bookkeeper-stats-api/4.13.0-SNAPSHOT/bookkeeper-stats-api-4.13.0-SNAPSHOT.jar:/home/capo80/.m2/repository/org/apache/bookkeeper/cpu-affinity/4.13.0-SNAPSHOT/cpu-affinity-4.13.0-SNAPSHOT.jar:/home/capo80/.m2/repository/com/google/guava/guava/30.0-jre/guava-30.0-jre.jar:/home/capo80/.m2/repository/com/google/guava/failureaccess/1.0.1/failureaccess-1.0.1.jar:/home/capo80/.m2/repository/com/google/guava/listenablefuture/9999.0-empty-to-avoid-conflict-with-guava/listenablefuture-9999.0-empty-to-avoid-conflict-with-guava.jar:/home/capo80/.m2/repository/org/checkerframework/checker-qual/3.5.0/checker-qual-3.5.0.jar:/home/capo80/.m2/repository/com/google/j2objc/j2objc-annotations/1.3/j2objc-annotations-1.3.jar:/home/capo80/.m2/repository/io/netty/netty-common/4.1.50.Final/netty-common-4.1.50.Final.jar:/home/capo80/.m2/repository/com/fasterxml/jackson/core/jackson-core/2.11.0/jackson-core-2.11.0.jar:/home/capo80/.m2/repository/com/fasterxml/jackson/core/jackson-databind/2.11.0/jackson-databind-2.11.0.jar:/home/capo80/.m2/repository/com/fasterxml/jackson/core/jackson-annotations/2.11.0/jackson-annotations-2.11.0.jar:/home/capo80/.m2/repository/org/jctools/jctools-core/2.1.2/jctools-core-2.1.2.jar:/home/capo80/.m2/repository/com/google/code/findbugs/jsr305/3.0.2/jsr305-3.0.2.jar:/home/capo80/.m2/repository/com/google/errorprone/error_prone_annotations/2.1.2/error_prone_annotations-2.1.2.jar:/home/capo80/.m2/repository/org/apache/commons/commons-lang3/3.6/commons-lang3-3.6.jar:/home/capo80/.m2/repository/org/projectlombok/lombok/1.18.10/lombok-1.18.10.jar:/home/capo80/.m2/repository/com/github/spotbugs/spotbugs-annotations/3.1.8/spotbugs-annotations-3.1.8.jar:/home/capo80/.m2/repository/org/slf4j/slf4j-api/1.7.25/slf4j-api-1.7.25.jar:/home/capo80/.m2
Launcher Type: SUN_STANDARD

Environment Variables:
PATH=/home/GoLand/bin:/home/netkit/bin:/home/capo80/.local/bin:/usr/local/sbin:/usr/local/bin:/usr/sbin:/usr/bin:/sbin:/bin:/usr/games:/usr/local/games:/snap/bin:/usr/local/go/bin
USERNAME=capo80
SHELL=/bin/bash
DISPLAY=:0

Signal Handlers:
SIGSEGV: [libjvm.so+0xb6c690], sa_mask[0]=11111111011111111101111111111110, sa_flags=SA_RESTART|SA_SIGINFO
SIGBUS: [libjvm.so+0xb6c690], sa_mask[0]=11111111011111111101111111111110, sa_flags=SA_RESTART|SA_SIGINFO
SIGFPE: [libjvm.so+0x98c990], sa_mask[0]=11111111011111111101111111111110, sa_flags=SA_RESTART|SA_SIGINFO
SIGPIPE: [libjvm.so+0x98c990], sa_mask[0]=11111111011111111101111111111110, sa_flags=SA_RESTART|SA_SIGINFO
SIGXFSZ: [libjvm.so+0x98c990], sa_mask[0]=11111111011111111101111111111110, sa_flags=SA_RESTART|SA_SIGINFO
SIGILL: [libjvm.so+0x98c990], sa_mask[0]=11111111011111111101111111111110, sa_flags=SA_RESTART|SA_SIGINFO
SIGUSR1: SIG_DFL, sa_mask[0]=00000000000000000000000000000000, sa_flags=none
SIGUSR2: [libjvm.so+0x98c840], sa_mask[0]=00100000000000000000000000000000, sa_flags=SA_RESTART|SA_SIGINFO
SIGHUP: [libjvm.so+0x98ceb0], sa_mask[0]=11111111011111111101111111111110, sa_flags=SA_RESTART|SA_SIGINFO
SIGINT: [libjvm.so+0x98ceb0], sa_mask[0]=11111111011111111101111111111110, sa_flags=SA_RESTART|SA_SIGINFO
SIGTERM: [libjvm.so+0x98ceb0], sa_mask[0]=11111111011111111101111111111110, sa_flags=SA_RESTART|SA_SIGINFO
SIGQUIT: [libjvm.so+0x98ceb0], sa_mask[0]=11111111011111111101111111111110, sa_flags=SA_RESTART|SA_SIGINFO


---------------  S Y S T E M  ---------------

OS:DISTRIB_ID=Ubuntu
DISTRIB_RELEASE=18.04
DISTRIB_CODENAME=bionic
DISTRIB_DESCRIPTION="Ubuntu 18.04.2 LTS"

uname:Linux 5.4.0-58-generic #64~18.04.1-Ubuntu SMP Wed Dec 9 17:11:11 UTC 2020 x86_64
libc:glibc 2.27 NPTL 2.27 
rlimit: STACK 8192k, CORE 0k, NPROC 47195, NOFILE 4096, AS infinity
load average:2,34 2,27 1,93

/proc/meminfo:
MemTotal:       12130416 kB
MemFree:         2534120 kB
MemAvailable:    6378496 kB
Buffers:         1013512 kB
Cached:          3384388 kB
SwapCached:            0 kB
Active:          6481188 kB
Inactive:        1680824 kB
Active(anon):    4280808 kB
Inactive(anon):   252048 kB
Active(file):    2200380 kB
Inactive(file):  1428776 kB
Unevictable:      573476 kB
Mlocked:              16 kB
SwapTotal:       2097148 kB
SwapFree:        2096880 kB
Dirty:             14560 kB
Writeback:           160 kB
AnonPages:       4337708 kB
Mapped:           697452 kB
Shmem:            772176 kB
KReclaimable:     541388 kB
Slab:             693376 kB
SReclaimable:     541388 kB
SUnreclaim:       151988 kB
KernelStack:       18132 kB
PageTables:        62832 kB
NFS_Unstable:          0 kB
Bounce:                0 kB
WritebackTmp:          0 kB
CommitLimit:     8162356 kB
Committed_AS:   11369040 kB
VmallocTotal:   34359738367 kB
VmallocUsed:       36888 kB
VmallocChunk:          0 kB
Percpu:             3216 kB
HardwareCorrupted:     0 kB
AnonHugePages:         0 kB
ShmemHugePages:        0 kB
ShmemPmdMapped:        0 kB
FileHugePages:         0 kB
FilePmdMapped:         0 kB
CmaTotal:              0 kB
CmaFree:               0 kB
HugePages_Total:       0
HugePages_Free:        0
HugePages_Rsvd:        0
HugePages_Surp:        0
Hugepagesize:       2048 kB
Hugetlb:               0 kB
DirectMap4k:      317952 kB
DirectMap2M:    11077632 kB
DirectMap1G:     2097152 kB

container (cgroup) information:
container_type: cgroupv1
cpu_cpuset_cpus: 0-3
cpu_memory_nodes: 0
active_processor_count: 4
cpu_quota: -1
cpu_period: 100000
cpu_shares: -1
memory_limit_in_bytes: -1
memory_and_swap_limit_in_bytes: -2
memory_soft_limit_in_bytes: -1
memory_usage_in_bytes: 6822690816
memory_max_usage_in_bytes: 9299415040


CPU:total 4 (initial active 4) (2 cores per cpu, 2 threads per core) family 6 model 78 stepping 3, cmov, cx8, fxsr, mmx, sse, sse2, sse3, ssse3, sse4.1, sse4.2, popcnt, avx, avx2, aes, clmul, erms, 3dnowpref, lzcnt, ht, tsc, tscinvbit, bmi1, bmi2, adx

/proc/cpuinfo:
processor	: 0
vendor_id	: GenuineIntel
cpu family	: 6
model		: 78
model name	: Intel(R) Core(TM) i7-6500U CPU @ 2.50GHz
stepping	: 3
microcode	: 0xe2
cpu MHz		: 2800.021
cache size	: 4096 KB
physical id	: 0
siblings	: 4
core id		: 0
cpu cores	: 2
apicid		: 0
initial apicid	: 0
fpu		: yes
fpu_exception	: yes
cpuid level	: 22
wp		: yes
flags		: fpu vme de pse tsc msr pae mce cx8 apic sep mtrr pge mca cmov pat pse36 clflush dts acpi mmx fxsr sse sse2 ss ht tm pbe syscall nx pdpe1gb rdtscp lm constant_tsc art arch_perfmon pebs bts rep_good nopl xtopology nonstop_tsc cpuid aperfmperf pni pclmulqdq dtes64 monitor ds_cpl vmx est tm2 ssse3 sdbg fma cx16 xtpr pdcm pcid sse4_1 sse4_2 x2apic movbe popcnt tsc_deadline_timer aes xsave avx f16c rdrand lahf_lm abm 3dnowprefetch cpuid_fault epb invpcid_single pti ssbd ibrs ibpb stibp tpr_shadow vnmi flexpriority ept vpid ept_ad fsgsbase tsc_adjust bmi1 avx2 smep bmi2 erms invpcid mpx rdseed adx smap clflushopt intel_pt xsaveopt xsavec xgetbv1 xsaves dtherm ida arat pln pts hwp hwp_notify hwp_act_window hwp_epp md_clear flush_l1d
bugs		: cpu_meltdown spectre_v1 spectre_v2 spec_store_bypass l1tf mds swapgs itlb_multihit srbds
bogomips	: 5199.98
clflush size	: 64
cache_alignment	: 64
address sizes	: 39 bits physical, 48 bits virtual
power management:

processor	: 1
vendor_id	: GenuineIntel
cpu family	: 6
model		: 78
model name	: Intel(R) Core(TM) i7-6500U CPU @ 2.50GHz
stepping	: 3
microcode	: 0xe2
cpu MHz		: 2802.738
cache size	: 4096 KB
physical id	: 0
siblings	: 4
core id		: 1
cpu cores	: 2
apicid		: 2
initial apicid	: 2
fpu		: yes
fpu_exception	: yes
cpuid level	: 22
wp		: yes
flags		: fpu vme de pse tsc msr pae mce cx8 apic sep mtrr pge mca cmov pat pse36 clflush dts acpi mmx fxsr sse sse2 ss ht tm pbe syscall nx pdpe1gb rdtscp lm constant_tsc art arch_perfmon pebs bts rep_good nopl xtopology nonstop_tsc cpuid aperfmperf pni pclmulqdq dtes64 monitor ds_cpl vmx est tm2 ssse3 sdbg fma cx16 xtpr pdcm pcid sse4_1 sse4_2 x2apic movbe popcnt tsc_deadline_timer aes xsave avx f16c rdrand lahf_lm abm 3dnowprefetch cpuid_fault epb invpcid_single pti ssbd ibrs ibpb stibp tpr_shadow vnmi flexpriority ept vpid ept_ad fsgsbase tsc_adjust bmi1 avx2 smep bmi2 erms invpcid mpx rdseed adx smap clflushopt intel_pt xsaveopt xsavec xgetbv1 xsaves dtherm ida arat pln pts hwp hwp_notify hwp_act_window hwp_epp md_clear flush_l1d
bugs		: cpu_meltdown spectre_v1 spectre_v2 spec_store_bypass l1tf mds swapgs itlb_multihit srbds
bogomips	: 5199.98
clflush size	: 64
cache_alignment	: 64
address sizes	: 39 bits physical, 48 bits virtual
power management:

processor	: 2
vendor_id	: GenuineIntel
cpu family	: 6
model		: 78
model name	: Intel(R) Core(TM) i7-6500U CPU @ 2.50GHz
stepping	: 3
microcode	: 0xe2
cpu MHz		: 2800.344
cache size	: 4096 KB
physical id	: 0
siblings	: 4
core id		: 0
cpu cores	: 2
apicid		: 1
initial apicid	: 1
fpu		: yes
fpu_exception	: yes
cpuid level	: 22
wp		: yes
flags		: fpu vme de pse tsc msr pae mce cx8 apic sep mtrr pge mca cmov pat pse36 clflush dts acpi mmx fxsr sse sse2 ss ht tm pbe syscall nx pdpe1gb rdtscp lm constant_tsc art arch_perfmon pebs bts rep_good nopl xtopology nonstop_tsc cpuid aperfmperf pni pclmulqdq dtes64 monitor ds_cpl vmx est tm2 ssse3 sdbg fma cx16 xtpr pdcm pcid sse4_1 sse4_2 x2apic movbe popcnt tsc_deadline_timer aes xsave avx f16c rdrand lahf_lm abm 3dnowprefetch cpuid_fault epb invpcid_single pti ssbd ibrs ibpb stibp tpr_shadow vnmi flexpriority ept vpid ept_ad fsgsbase tsc_adjust bmi1 avx2 smep bmi2 erms invpcid mpx rdseed adx smap clflushopt intel_pt xsaveopt xsavec xgetbv1 xsaves dtherm ida arat pln pts hwp hwp_notify hwp_act_window hwp_epp md_clear flush_l1d
bugs		: cpu_meltdown spectre_v1 spectre_v2 spec_store_bypass l1tf mds swapgs itlb_multihit srbds
bogomips	: 5199.98
clflush size	: 64
cache_alignment	: 64
address sizes	: 39 bits physical, 48 bits virtual
power management:

processor	: 3
vendor_id	: GenuineIntel
cpu family	: 6
model		: 78
model name	: Intel(R) Core(TM) i7-6500U CPU @ 2.50GHz
stepping	: 3
microcode	: 0xe2
cpu MHz		: 2800.107
cache size	: 4096 KB
physical id	: 0
siblings	: 4
core id		: 1
cpu cores	: 2
apicid		: 3
initial apicid	: 3
fpu		: yes
fpu_exception	: yes
cpuid level	: 22
wp		: yes
flags		: fpu vme de pse tsc msr pae mce cx8 apic sep mtrr pge mca cmov pat pse36 clflush dts acpi mmx fxsr sse sse2 ss ht tm pbe syscall nx pdpe1gb rdtscp lm constant_tsc art arch_perfmon pebs bts rep_good nopl xtopology nonstop_tsc cpuid aperfmperf pni pclmulqdq dtes64 monitor ds_cpl vmx est tm2 ssse3 sdbg fma cx16 xtpr pdcm pcid sse4_1 sse4_2 x2apic movbe popcnt tsc_deadline_timer aes xsave avx f16c rdrand lahf_lm abm 3dnowprefetch cpuid_fault epb invpcid_single pti ssbd ibrs ibpb stibp tpr_shadow vnmi flexpriority ept vpid ept_ad fsgsbase tsc_adjust bmi1 avx2 smep bmi2 erms invpcid mpx rdseed adx smap clflushopt intel_pt xsaveopt xsavec xgetbv1 xsaves dtherm ida arat pln pts hwp hwp_notify hwp_act_window hwp_epp md_clear flush_l1d
bugs		: cpu_meltdown spectre_v1 spectre_v2 spec_store_bypass l1tf mds swapgs itlb_multihit srbds
bogomips	: 5199.98
clflush size	: 64
cache_alignment	: 64
address sizes	: 39 bits physical, 48 bits virtual
power management:



Memory: 4k page, physical 12130416k(2533868k free), swap 2097148k(2096880k free)

vm_info: OpenJDK 64-Bit Server VM (25.275-b01) for linux-amd64 JRE (1.8.0_275-8u275-b01-0ubuntu1~18.04-b01), built on Nov  9 2020 02:38:58 by "buildd" with gcc 7.5.0

time: Sat Jan  2 12:06:56 2021
timezone: CET
elapsed time: 0.541376 seconds (0d 0h 0m 0s)

